Flow report for DUT
Sat Oct 07 18:18:02 2023
Quartus Prime Version 20.1.1 Build 720 11/11/2020 SJ Lite Edition


---------------------
; Table of Contents ;
---------------------
  1. EDA Netlist Writer Summary
  2. Legal Notice
  3. Flow Summary
  4. Flow Settings
  5. Flow Non-Default Global Settings
  6. Flow Elapsed Time
  7. Flow OS Summary
  8. Flow Log
  9. Flow Messages
 10. Flow Suppressed Messages



+-------------------------------------------------------------------+
; EDA Netlist Writer Summary                                        ;
+---------------------------+---------------------------------------+
; EDA Netlist Writer Status ; Successful - Sat Oct 07 18:18:02 2023 ;
; Revision Name             ; DUT                                   ;
; Top-level Entity Name     ; DUT                                   ;
; Family                    ; MAX V                                 ;
; Simulation Files Creation ; Successful                            ;
+---------------------------+---------------------------------------+


----------------
; Legal Notice ;
----------------
Copyright (C) 2020  Intel Corporation. All rights reserved.
Your use of Intel Corporation's design tools, logic functions 
and other software and tools, and any partner logic 
functions, and any output files from any of the foregoing 
(including device programming or simulation files), and any 
associated documentation or information are expressly subject 
to the terms and conditions of the Intel Program License 
Subscription Agreement, the Intel Quartus Prime License Agreement,
the Intel FPGA IP License Agreement, or other applicable license
agreement, including, without limitation, that your use is for
the sole purpose of programming logic devices manufactured by
Intel and sold by Intel or its authorized distributors.  Please
refer to the applicable agreement for further details, at
https://fpgasoftware.intel.com/eula.



+---------------------------------------------------------------------+
; Flow Summary                                                        ;
+-----------------------+---------------------------------------------+
; Flow Status           ; Successful - Sat Oct 07 18:18:02 2023       ;
; Quartus Prime Version ; 20.1.1 Build 720 11/11/2020 SJ Lite Edition ;
; Revision Name         ; DUT                                         ;
; Top-level Entity Name ; DUT                                         ;
; Family                ; MAX V                                       ;
; Device                ; 5M1270ZT144C5                               ;
; Timing Models         ; Final                                       ;
; Total logic elements  ; 108 / 1,270 ( 9 % )                         ;
; Total pins            ; 98 / 114 ( 86 % )                           ;
; Total virtual pins    ; 0                                           ;
; UFM blocks            ; 0 / 1 ( 0 % )                               ;
+-----------------------+---------------------------------------------+


+-----------------------------------------+
; Flow Settings                           ;
+-------------------+---------------------+
; Option            ; Setting             ;
+-------------------+---------------------+
; Start date & time ; 10/07/2023 18:17:44 ;
; Main task         ; Compilation         ;
; Revision Name     ; DUT                 ;
+-------------------+---------------------+


+-------------------------------------------------------------------------------------------------------------------------------------------------------+
; Flow Non-Default Global Settings                                                                                                                      ;
+---------------------------------------------------+---------------------------------+---------------+-------------+-----------------------------------+
; Assignment Name                                   ; Value                           ; Default Value ; Entity Name ; Section Id                        ;
+---------------------------------------------------+---------------------------------+---------------+-------------+-----------------------------------+
; COMPILER_SIGNATURE_ID                             ; 132127254425639.169668286307184 ; --            ; --          ; --                                ;
; EDA_DESIGN_INSTANCE_NAME                          ; dut_instance                    ; --            ; --          ; Testbench.vhdl                    ;
; EDA_GENERATE_FUNCTIONAL_NETLIST                   ; Off                             ; --            ; --          ; eda_board_design_timing           ;
; EDA_GENERATE_FUNCTIONAL_NETLIST                   ; Off                             ; --            ; --          ; eda_board_design_boundary_scan    ;
; EDA_GENERATE_FUNCTIONAL_NETLIST                   ; Off                             ; --            ; --          ; eda_board_design_signal_integrity ;
; EDA_GENERATE_FUNCTIONAL_NETLIST                   ; Off                             ; --            ; --          ; eda_board_design_symbol           ;
; EDA_GENERATE_GATE_LEVEL_SIMULATION_COMMAND_SCRIPT ; On                              ; --            ; --          ; eda_simulation                    ;
; EDA_NATIVELINK_SIMULATION_TEST_BENCH              ; Testbench.vhdl                  ; --            ; --          ; eda_simulation                    ;
; EDA_OUTPUT_DATA_FORMAT                            ; Vhdl                            ; --            ; --          ; eda_simulation                    ;
; EDA_SIMULATION_TOOL                               ; ModelSim-Altera (VHDL)          ; <None>        ; --          ; --                                ;
; EDA_TEST_BENCH_ENABLE_STATUS                      ; TEST_BENCH_MODE                 ; --            ; --          ; eda_simulation                    ;
; EDA_TEST_BENCH_FILE                               ; TRACEFILE.txt                   ; --            ; --          ; Testbench.vhdl                    ;
; EDA_TEST_BENCH_FILE                               ; testbench.vhdl                  ; --            ; --          ; Testbench.vhdl                    ;
; EDA_TEST_BENCH_MODULE_NAME                        ; Testbench                       ; --            ; --          ; Testbench.vhdl                    ;
; EDA_TEST_BENCH_NAME                               ; Testbench.vhdl                  ; --            ; --          ; eda_simulation                    ;
; EDA_TIME_SCALE                                    ; 1 ps                            ; --            ; --          ; eda_simulation                    ;
; MAX_CORE_JUNCTION_TEMP                            ; 85                              ; --            ; --          ; --                                ;
; MIN_CORE_JUNCTION_TEMP                            ; 0                               ; --            ; --          ; --                                ;
; POWER_PRESET_COOLING_SOLUTION                     ; No Heat Sink With Still Air     ; --            ; --          ; --                                ;
; PROJECT_OUTPUT_DIRECTORY                          ; output_files                    ; --            ; --          ; --                                ;
+---------------------------------------------------+---------------------------------+---------------+-------------+-----------------------------------+


+--------------------------------------------------------------------------------------------------------------------------+
; Flow Elapsed Time                                                                                                        ;
+----------------------+--------------+-------------------------+---------------------+------------------------------------+
; Module Name          ; Elapsed Time ; Average Processors Used ; Peak Virtual Memory ; Total CPU Time (on all processors) ;
+----------------------+--------------+-------------------------+---------------------+------------------------------------+
; Analysis & Synthesis ; 00:00:11     ; 1.0                     ; 4758 MB             ; 00:00:18                           ;
; Fitter               ; 00:00:01     ; 1.0                     ; 5335 MB             ; 00:00:01                           ;
; Assembler            ; 00:00:01     ; 1.0                     ; 4661 MB             ; 00:00:00                           ;
; Timing Analyzer      ; 00:00:00     ; 1.0                     ; 4681 MB             ; 00:00:01                           ;
; EDA Netlist Writer   ; 00:00:02     ; 1.0                     ; 4627 MB             ; 00:00:01                           ;
; Total                ; 00:00:15     ; --                      ; --                  ; 00:00:21                           ;
+----------------------+--------------+-------------------------+---------------------+------------------------------------+


+------------------------------------------------------------------------------------+
; Flow OS Summary                                                                    ;
+----------------------+------------------+------------+------------+----------------+
; Module Name          ; Machine Hostname ; OS Name    ; OS Version ; Processor type ;
+----------------------+------------------+------------+------------+----------------+
; Analysis & Synthesis ; DESKTOP-OME12VH  ; Windows 10 ; 10.0       ; x86_64         ;
; Fitter               ; DESKTOP-OME12VH  ; Windows 10 ; 10.0       ; x86_64         ;
; Assembler            ; DESKTOP-OME12VH  ; Windows 10 ; 10.0       ; x86_64         ;
; Timing Analyzer      ; DESKTOP-OME12VH  ; Windows 10 ; 10.0       ; x86_64         ;
; EDA Netlist Writer   ; DESKTOP-OME12VH  ; Windows 10 ; 10.0       ; x86_64         ;
+----------------------+------------------+------------+------------+----------------+


------------
; Flow Log ;
------------
quartus_map --read_settings_files=on --write_settings_files=off BrentKung_Adder -c DUT
quartus_fit --read_settings_files=off --write_settings_files=off BrentKung_Adder -c DUT
quartus_asm --read_settings_files=off --write_settings_files=off BrentKung_Adder -c DUT
quartus_sta BrentKung_Adder -c DUT
quartus_eda --read_settings_files=off --write_settings_files=off BrentKung_Adder -c DUT



